Arguments: 
  /home/wanderson/.nvm/versions/node/v9.6.1/bin/node /home/wanderson/.nvm/versions/node/v9.6.1/bin/yarn build

PATH: 
  /home/wanderson/.nvm/versions/node/v9.6.1/bin:/home/wanderson/bin:/home/wanderson/.local/bin:/usr/local/sbin:/usr/local/bin:/usr/sbin:/usr/bin:/sbin:/bin:/usr/games:/usr/local/games:/snap/bin

Yarn version: 
  1.5.1

Node version: 
  9.6.1

Platform: 
  linux x64

npm manifest: 
  {
  	"name": "number-locale-string",
  	"version": "0.1.3",
  	"description": "Imprementation of Number.toLocaleString() to Node",
  	"main": "lib/index.js",
  	"scripts": {
  		"build": "babel src -d lib"
  	},
  	"repository": {
  		"type": "git",
  		"url": "git+https://github.com/wandersoncs/number-to-locale-string.git"
  	},
  	"author": "wanderson <wandersoncorreiasouza@gmail.com>",
  	"license": "ISC",
  	"bugs": {
  		"url": "https://github.com/wandersoncs/number-to-locale-string/issues"
  	},
  	"homepage": "https://github.com/wandersoncs/number-to-locale-string#readme",
  	"devDependencies": {
  		"babel-cli": "^6.26.0",
  		"babel-preset-env": "^1.6.1"
  	}
  }

yarn manifest: 
  No manifest

Lockfile: 
  No lockfile

Trace: 
  Error: Command failed.
  Exit code: 1
  Command: sh
  Arguments: -c babel src -d lib
  Directory: /home/wanderson/Documents/Projetos/number-locale-string
  Output:
  
      at ProcessTermError.MessageError (/home/wanderson/.nvm/versions/node/v9.6.1/lib/node_modules/yarn/lib/cli.js:186:110)
      at new ProcessTermError (/home/wanderson/.nvm/versions/node/v9.6.1/lib/node_modules/yarn/lib/cli.js:226:113)
      at ChildProcess.<anonymous> (/home/wanderson/.nvm/versions/node/v9.6.1/lib/node_modules/yarn/lib/cli.js:30281:17)
      at ChildProcess.emit (events.js:127:13)
      at maybeClose (internal/child_process.js:933:16)
      at Process.ChildProcess._handle.onexit (internal/child_process.js:220:5)
